********************************************************************************
DUPLICATOR-LITE PACKAGE-LOG: October 5, 2020 9:57 am
NOTICE: Do NOT post to public sites or forums 
********************************************************************************
VERSION:	1.3.38
WORDPRESS:	5.5.1
PHP INFO:	7.2.1 | SAPI: apache2handler
SERVER:		Apache/2.2.34 (Unix) mod_wsgi/3.5 Python/2.7.13 PHP/7.2.1 mod_ssl/2.2.34 OpenSSL/1.0.2j DAV/2 mod_fastcgi/2.4.6 mod_perl/2.0.9 Perl/v5.24.0 
PHP TIME LIMIT: (0) no time limit imposed 
PHP MAX MEMORY: 4294967296 (256M default) 
MEMORY STACK: 54.5MB

********************************************************************************
DATABASE:
********************************************************************************
BUILD MODE:   PHP(query limit - 100)
MYSQLTIMEOUT: 5000
MYSQLDUMP:    Not Supported
TABLES: total:33 | filtered:0 | create:33
FILTERED: []
SQL CREATED: 20201005_thegrand_88d701bd06e044092917_20201005095621_database.sql
SQL FILE SIZE: 7.05MB (7389169)
SQL FILE TIME: 2020-10-05 09:57:06
SQL RUNTIME: 1.25 sec.

********************************************************************************
ARCHIVE (ZIP):
********************************************************************************
ARCHIVE DIR:  /Applications/MAMP/htdocs/thegrand
ARCHIVE FILE: 20201005_thegrand_88d701bd06e044092917_20201005095621_archive.zip
FILTERS: *OFF*
DIRS:
	not set
FILES:
	not set
EXTS:  not set
----------------------------------------
COMPRESSING
SIZE:	225.77MB
STATS:	Dirs 1,493 | Files 9,911
SQL ADDED: 20201005_thegrand_88d701bd06e044092917_20201005095621_database.sql
ZipArchive Object
(
    [status] => 0
    [statusSys] => 0
    [numFiles] => 11404
    [filename] => /Applications/MAMP/htdocs/thegrand/wp-content/backups-dup-lite/tmp/20201005_thegrand_88d701bd06e044092917_20201005095621_archive.zip
    [comment] => 
)

FILE ADDED TO ZIP: 11403
COMPRESSION RESULT: '1'
COMPRESSED SIZE: 114.23MB
ARCHIVE RUNTIME: 40.58 sec.
MEMORY STACK: 62.5MB
building installer
add_extra_files1
add_extra_files2
add_extra_files3
add_extra_files4
Doing archive file check
add_extra_files5
add_extra_files6
add_extra_files8
Successfully opened zip /Applications/MAMP/htdocs/thegrand/wp-content/backups-dup-lite/tmp/20201005_thegrand_88d701bd06e044092917_20201005095621_archive.zip
Adding enhanced installer files to archive using ZipArchive
Installer files added to archive
Added to archive
After ziparchive close when adding installer

********************************************************************************
INTEGRITY CHECKS:
********************************************************************************
SQL FILE: 7.05MB
INSTALLER FILE: 61.32KB
ARCHIVE FILE: 115.78MB 
EXPECTED FILE/DIRECTORY COUNT: 11,404
ACTUAL FILE/DIRECTORY COUNT: 11,403
ARCHIVE CONSISTENCY TEST: Pass

********************************************************************************
RECORD ID:[1]
TOTAL PROCESS RUNTIME: 50.92 sec.
PEAK PHP MEMORY USED: 64.5MB
DONE PROCESSING => 20201005_thegrand October 5, 2020 9:57 am

